2024-02-14 19:22:25,780 - __main__ - INFO - Starting main function
2024-02-14 19:22:25,780 - root - INFO - Starting scraper...
2024-02-14 19:22:25,969 - root - INFO - Request successful
2024-02-14 19:22:26,159 - root - INFO - Parsing HTML...
2024-02-14 19:22:26,178 - root - INFO - Trading is positive
2024-02-14 19:22:26,180 - root - INFO - Scraper finished
2024-02-14 19:22:26,182 - __main__ - INFO - Sending email and stopping program until 9am next day
2024-02-14 19:22:26,182 - root - ERROR - Error while writing to csv: 0
2024-02-14 19:27:34,481 - __main__ - INFO - Starting main function
2024-02-14 19:27:34,481 - root - INFO - Starting scraper...
2024-02-14 19:27:34,638 - root - INFO - Request successful
2024-02-14 19:27:34,824 - root - INFO - Parsing HTML...
2024-02-14 19:27:34,833 - root - INFO - Trading is positive
2024-02-14 19:27:34,833 - root - INFO - Scraper finished
2024-02-14 19:27:34,833 - __main__ - INFO - Sending email and stopping program until 9am next day
2024-02-14 19:27:34,833 - root - ERROR - Error while writing to csv: 0
2024-02-14 19:28:03,713 - __main__ - INFO - Starting main function
2024-02-14 19:28:03,713 - root - INFO - Starting scraper...
2024-02-14 19:28:03,879 - root - INFO - Request successful
2024-02-14 19:28:04,145 - root - INFO - Parsing HTML...
2024-02-14 19:28:04,146 - root - INFO - Trading is positive
2024-02-14 19:28:04,146 - root - INFO - Scraper finished
2024-02-14 19:28:04,151 - __main__ - INFO - Sending email and stopping program until 9am next day
2024-02-14 19:28:14,662 - __main__ - INFO - Starting main function
2024-02-14 19:28:14,662 - root - INFO - Starting scraper...
2024-02-14 19:28:14,803 - root - INFO - Request successful
2024-02-14 19:28:14,979 - root - INFO - Parsing HTML...
2024-02-14 19:28:14,979 - root - INFO - Trading is positive
2024-02-14 19:28:14,979 - root - INFO - Scraper finished
2024-02-14 19:28:14,979 - __main__ - INFO - Sending email and stopping program until 9am next day
2024-02-14 19:28:14,979 - root - ERROR - Error while writing to csv: 0
2024-02-14 19:28:29,929 - __main__ - INFO - Starting main function
2024-02-14 19:28:29,929 - root - INFO - Starting scraper...
2024-02-14 19:28:30,086 - root - INFO - Request successful
2024-02-14 19:28:30,262 - root - INFO - Parsing HTML...
2024-02-14 19:28:30,262 - root - INFO - Trading is positive
2024-02-14 19:28:30,262 - root - INFO - Scraper finished
2024-02-14 19:28:30,270 - __main__ - INFO - Sending email and stopping program until 9am next day
2024-02-14 19:28:30,270 - root - ERROR - Error while writing to csv: 0
2024-02-14 19:30:50,521 - __main__ - INFO - Starting main function
2024-02-14 19:30:50,521 - root - INFO - Starting scraper...
2024-02-14 19:30:50,691 - root - INFO - Request successful
2024-02-14 19:30:50,894 - root - INFO - Parsing HTML...
2024-02-14 19:30:50,907 - root - INFO - Trading is positive
2024-02-14 19:30:50,907 - root - INFO - Scraper finished
2024-02-14 19:30:50,907 - __main__ - INFO - Sending email and stopping program until 9am next day
2024-02-14 19:30:50,907 - root - ERROR - Data is not in the expected format. Expected list of dictionaries.
2024-02-14 19:30:50,907 - Modules.SendMail - INFO - Email config loaded
2024-02-14 19:30:50,914 - Modules.SendMail - INFO - Sending email...
2024-02-14 19:30:53,761 - Modules.SendMail - INFO - Email sent
2024-02-14 20:10:29,601 - __main__ - INFO - Starting main function
2024-02-14 20:10:29,601 - root - INFO - Starting scraper...
2024-02-14 20:10:29,760 - root - INFO - Request successful
2024-02-14 20:10:29,925 - root - INFO - Parsing HTML...
2024-02-14 20:10:29,925 - root - INFO - Trading is positive
2024-02-14 20:10:29,925 - root - INFO - Scraper finished
2024-02-14 20:10:29,925 - __main__ - INFO - Sending email and stopping program until 9am next day
2024-02-14 20:10:29,925 - root - ERROR - Data is not in the expected format. Expected list of dictionaries.
2024-02-14 20:10:29,925 - Modules.SendMail - INFO - Email config loaded
2024-02-14 20:10:29,946 - Modules.SendMail - INFO - Sending email...
2024-02-14 20:10:31,030 - Modules.SendMail - INFO - Email sent
2024-02-14 20:13:41,026 - __main__ - INFO - Starting main function
2024-02-14 20:13:41,026 - root - INFO - Starting scraper...
2024-02-14 20:13:41,168 - root - INFO - Request successful
2024-02-14 20:13:41,378 - root - INFO - Parsing HTML...
2024-02-14 20:13:41,378 - root - INFO - Trading is positive
2024-02-14 20:13:41,378 - root - INFO - Scraper finished
2024-02-14 20:13:41,393 - __main__ - INFO - Sending email and stopping program until 9am next day
2024-02-14 20:13:41,393 - root - ERROR - Data is not in the expected format. Expected list of dictionaries.
2024-02-14 20:13:41,393 - Modules.SendMail - INFO - Email config loaded
2024-02-14 20:13:41,393 - Modules.SendMail - INFO - Sending email...
2024-02-14 20:13:42,056 - Modules.SendMail - INFO - Email sent
